<?xml version="1.0" encoding="UTF-8"?>
<!-- Generated by org.testng.reporters.JUnitXMLReporter -->
<testsuite ignored="0" hostname="pc-ThinkPad-T560" failures="0" tests="2" name="Default test" time="67.426" errors="0" timestamp="2023-06-07T19:55:14 TRT">
  <testcase classname="com.qa.test.ProductsTest" name="validateProductsonProductPage" time="16.491"/>
  <testcase classname="com.qa.test.ProductsTest" name="validateProductsDetailonProductPage" time="34.466"/>
</testsuite> <!-- Default test -->
